Determining if the C compiler works failed with the following output:
Change Dir: E:/leetcode/567. 字符串的排列/cmake-build-debug/CMakeFiles/CMakeTmp

Run Build Command(s):C:/PROGRA~1/mingw64/bin/mingw32-make.exe cmTC_81047/fast && C:/PROGRA~1/mingw64/bin/mingw32-make.exe  -f CMakeFiles\cmTC_81047.dir\build.make CMakeFiles/cmTC_81047.dir/build
mingw32-make.exe[1]: Entering directory 'E:/leetcode/567. 字符串的排列/cmake-build-debug/CMakeFiles/CMakeTmp'
Building C object CMakeFiles/cmTC_81047.dir/testCCompiler.c.obj
C:\PROGRA~1\mingw64\bin\gcc.exe    -o CMakeFiles\cmTC_81047.dir\testCCompiler.c.obj   -c "E:\leetcode\567. 瀛楃涓茬殑鎺掑垪\cmake-build-debug\CMakeFiles\CMakeTmp\testCCompiler.c"
gcc.exe: error: E:\leetcode\567. 瀛楃涓茬殑鎺掑垪\cmake-build-debug\CMakeFiles\CMakeTmp\testCCompiler.c: No such file or directory
gcc.exe: fatal error: no input files
compilation terminated.
mingw32-make.exe[1]: *** [CMakeFiles\cmTC_81047.dir\build.make:85: CMakeFiles/cmTC_81047.dir/testCCompiler.c.obj] Error 1
mingw32-make.exe[1]: Leaving directory 'E:/leetcode/567. 字符串的排列/cmake-build-debug/CMakeFiles/CMakeTmp'
mingw32-make.exe: *** [Makefile:140: cmTC_81047/fast] Error 2



Determining if the C compiler works failed with the following output:
Change Dir: E:/leetcode/567. 字符串的排列/cmake-build-debug/CMakeFiles/CMakeTmp

Run Build Command(s):C:/PROGRA~1/mingw64/bin/mingw32-make.exe cmTC_fe12b/fast && C:/PROGRA~1/mingw64/bin/mingw32-make.exe  -f CMakeFiles\cmTC_fe12b.dir\build.make CMakeFiles/cmTC_fe12b.dir/build
mingw32-make.exe[1]: Entering directory 'E:/leetcode/567. 字符串的排列/cmake-build-debug/CMakeFiles/CMakeTmp'
Building C object CMakeFiles/cmTC_fe12b.dir/testCCompiler.c.obj
C:\PROGRA~1\mingw64\bin\gcc.exe    -o CMakeFiles\cmTC_fe12b.dir\testCCompiler.c.obj   -c "E:\leetcode\567. 瀛楃涓茬殑鎺掑垪\cmake-build-debug\CMakeFiles\CMakeTmp\testCCompiler.c"
gcc.exe: error: E:\leetcode\567. 瀛楃涓茬殑鎺掑垪\cmake-build-debug\CMakeFiles\CMakeTmp\testCCompiler.c: No such file or directory
gcc.exe: fatal error: no input files
compilation terminated.
mingw32-make.exe[1]: *** [CMakeFiles\cmTC_fe12b.dir\build.make:85: CMakeFiles/cmTC_fe12b.dir/testCCompiler.c.obj] Error 1
mingw32-make.exe[1]: Leaving directory 'E:/leetcode/567. 字符串的排列/cmake-build-debug/CMakeFiles/CMakeTmp'
mingw32-make.exe: *** [Makefile:140: cmTC_fe12b/fast] Error 2



