Determining if the C compiler works failed with the following output:
Change Dir: E:/leetcode/703. 数据流中的第 K 大元素/cmake-build-debug/CMakeFiles/CMakeTmp

Run Build Command(s):C:/PROGRA~1/mingw64/bin/mingw32-make.exe cmTC_ec4c3/fast && C:/PROGRA~1/mingw64/bin/mingw32-make.exe  -f CMakeFiles\cmTC_ec4c3.dir\build.make CMakeFiles/cmTC_ec4c3.dir/build
mingw32-make.exe[1]: Entering directory 'E:/leetcode/703. 数据流中的第 K 大元素/cmake-build-debug/CMakeFiles/CMakeTmp'
Building C object CMakeFiles/cmTC_ec4c3.dir/testCCompiler.c.obj
C:\PROGRA~1\mingw64\bin\gcc.exe    -o CMakeFiles\cmTC_ec4c3.dir\testCCompiler.c.obj   -c "E:\leetcode\703. 鏁版嵁娴佷腑鐨勭 K 澶у厓绱燶cmake-build-debug\CMakeFiles\CMakeTmp\testCCompiler.c"
gcc.exe: error: E:\leetcode\703. 鏁版嵁娴佷腑鐨勭 K 澶у厓绱燶cmake-build-debug\CMakeFiles\CMakeTmp\testCCompiler.c: No such file or directory
gcc.exe: fatal error: no input files
compilation terminated.
mingw32-make.exe[1]: *** [CMakeFiles\cmTC_ec4c3.dir\build.make:85: CMakeFiles/cmTC_ec4c3.dir/testCCompiler.c.obj] Error 1
mingw32-make.exe[1]: Leaving directory 'E:/leetcode/703. 数据流中的第 K 大元素/cmake-build-debug/CMakeFiles/CMakeTmp'
mingw32-make.exe: *** [Makefile:140: cmTC_ec4c3/fast] Error 2



Determining if the C compiler works failed with the following output:
Change Dir: E:/leetcode/703. 数据流中的第 K 大元素/cmake-build-debug/CMakeFiles/CMakeTmp

Run Build Command(s):C:/PROGRA~1/mingw64/bin/mingw32-make.exe cmTC_f514d/fast && C:/PROGRA~1/mingw64/bin/mingw32-make.exe  -f CMakeFiles\cmTC_f514d.dir\build.make CMakeFiles/cmTC_f514d.dir/build
mingw32-make.exe[1]: Entering directory 'E:/leetcode/703. 数据流中的第 K 大元素/cmake-build-debug/CMakeFiles/CMakeTmp'
Building C object CMakeFiles/cmTC_f514d.dir/testCCompiler.c.obj
C:\PROGRA~1\mingw64\bin\gcc.exe    -o CMakeFiles\cmTC_f514d.dir\testCCompiler.c.obj   -c "E:\leetcode\703. 鏁版嵁娴佷腑鐨勭 K 澶у厓绱燶cmake-build-debug\CMakeFiles\CMakeTmp\testCCompiler.c"
gcc.exe: error: E:\leetcode\703. 鏁版嵁娴佷腑鐨勭 K 澶у厓绱燶cmake-build-debug\CMakeFiles\CMakeTmp\testCCompiler.c: No such file or directory
gcc.exe: fatal error: no input files
compilation terminated.
mingw32-make.exe[1]: *** [CMakeFiles\cmTC_f514d.dir\build.make:85: CMakeFiles/cmTC_f514d.dir/testCCompiler.c.obj] Error 1
mingw32-make.exe[1]: Leaving directory 'E:/leetcode/703. 数据流中的第 K 大元素/cmake-build-debug/CMakeFiles/CMakeTmp'
mingw32-make.exe: *** [Makefile:140: cmTC_f514d/fast] Error 2



